Performing C SOURCE FILE Test CMAKE_HAVE_LIBC_PTHREAD failed with the following output:
Change Dir: /root/CrowBot/build/CMakeFiles/CMakeTmp

Run Build Command(s):/usr/bin/make cmTC_5255d/fast && /usr/bin/make -f CMakeFiles/cmTC_5255d.dir/build.make CMakeFiles/cmTC_5255d.dir/build
make[1]: Entering directory '/root/CrowBot/build/CMakeFiles/CMakeTmp'
Building C object CMakeFiles/cmTC_5255d.dir/src.c.o
/usr/bin/cc   -DCMAKE_HAVE_LIBC_PTHREAD -fPIE   -o CMakeFiles/cmTC_5255d.dir/src.c.o   -c /root/CrowBot/build/CMakeFiles/CMakeTmp/src.c
Linking C executable cmTC_5255d
/usr/bin/cmake -E cmake_link_script CMakeFiles/cmTC_5255d.dir/link.txt --verbose=1
/usr/bin/cc  -DCMAKE_HAVE_LIBC_PTHREAD    CMakeFiles/cmTC_5255d.dir/src.c.o  -o cmTC_5255d 
/usr/bin/ld: CMakeFiles/cmTC_5255d.dir/src.c.o: in function `main':
src.c:(.text+0x46): undefined reference to `pthread_create'
/usr/bin/ld: src.c:(.text+0x52): undefined reference to `pthread_detach'
/usr/bin/ld: src.c:(.text+0x63): undefined reference to `pthread_join'
collect2: error: ld returned 1 exit status
make[1]: *** [CMakeFiles/cmTC_5255d.dir/build.make:87: cmTC_5255d] Error 1
make[1]: Leaving directory '/root/CrowBot/build/CMakeFiles/CMakeTmp'
make: *** [Makefile:121: cmTC_5255d/fast] Error 2


Source file was:
#include <pthread.h>

void* test_func(void* data)
{
  return data;
}

int main(void)
{
  pthread_t thread;
  pthread_create(&thread, NULL, test_func, NULL);
  pthread_detach(thread);
  pthread_join(thread, NULL);
  pthread_atfork(NULL, NULL, NULL);
  pthread_exit(NULL);

  return 0;
}

Performing C SOURCE FILE Test CMAKE_HAVE_LIBC_PTHREAD failed with the following output:
Change Dir: /home/pi/CrowBot/build/CMakeFiles/CMakeTmp

Run Build Command(s):/usr/bin/make cmTC_30bda/fast && /usr/bin/make -f CMakeFiles/cmTC_30bda.dir/build.make CMakeFiles/cmTC_30bda.dir/build
make[1]: Entering directory '/home/pi/CrowBot/build/CMakeFiles/CMakeTmp'
Building C object CMakeFiles/cmTC_30bda.dir/src.c.o
/usr/bin/cc   -DCMAKE_HAVE_LIBC_PTHREAD -fPIE   -o CMakeFiles/cmTC_30bda.dir/src.c.o   -c /home/pi/CrowBot/build/CMakeFiles/CMakeTmp/src.c
Linking C executable cmTC_30bda
/usr/bin/cmake -E cmake_link_script CMakeFiles/cmTC_30bda.dir/link.txt --verbose=1
/usr/bin/cc  -DCMAKE_HAVE_LIBC_PTHREAD    CMakeFiles/cmTC_30bda.dir/src.c.o  -o cmTC_30bda 
/usr/bin/ld: CMakeFiles/cmTC_30bda.dir/src.c.o: in function `main':
src.c:(.text+0x44): undefined reference to `pthread_create'
/usr/bin/ld: src.c:(.text+0x50): undefined reference to `pthread_detach'
/usr/bin/ld: src.c:(.text+0x60): undefined reference to `pthread_join'
collect2: error: ld returned 1 exit status
make[1]: *** [CMakeFiles/cmTC_30bda.dir/build.make:87: cmTC_30bda] Error 1
make[1]: Leaving directory '/home/pi/CrowBot/build/CMakeFiles/CMakeTmp'
make: *** [Makefile:121: cmTC_30bda/fast] Error 2


Source file was:
#include <pthread.h>

void* test_func(void* data)
{
  return data;
}

int main(void)
{
  pthread_t thread;
  pthread_create(&thread, NULL, test_func, NULL);
  pthread_detach(thread);
  pthread_join(thread, NULL);
  pthread_atfork(NULL, NULL, NULL);
  pthread_exit(NULL);

  return 0;
}

Performing C SOURCE FILE Test CMAKE_HAVE_LIBC_PTHREAD failed with the following output:
Change Dir: /root/CrowBot/build/CMakeFiles/CMakeTmp

Run Build Command(s):/usr/bin/make cmTC_09c63/fast && /usr/bin/make -f CMakeFiles/cmTC_09c63.dir/build.make CMakeFiles/cmTC_09c63.dir/build
make[1]: Entering directory '/root/CrowBot/build/CMakeFiles/CMakeTmp'
Building C object CMakeFiles/cmTC_09c63.dir/src.c.o
/usr/bin/cc   -DCMAKE_HAVE_LIBC_PTHREAD -fPIE   -o CMakeFiles/cmTC_09c63.dir/src.c.o   -c /root/CrowBot/build/CMakeFiles/CMakeTmp/src.c
Linking C executable cmTC_09c63
/usr/bin/cmake -E cmake_link_script CMakeFiles/cmTC_09c63.dir/link.txt --verbose=1
/usr/bin/cc  -DCMAKE_HAVE_LIBC_PTHREAD    CMakeFiles/cmTC_09c63.dir/src.c.o  -o cmTC_09c63 
/usr/bin/ld: CMakeFiles/cmTC_09c63.dir/src.c.o: in function `main':
src.c:(.text+0x46): undefined reference to `pthread_create'
/usr/bin/ld: src.c:(.text+0x52): undefined reference to `pthread_detach'
/usr/bin/ld: src.c:(.text+0x63): undefined reference to `pthread_join'
collect2: error: ld returned 1 exit status
make[1]: *** [CMakeFiles/cmTC_09c63.dir/build.make:87: cmTC_09c63] Error 1
make[1]: Leaving directory '/root/CrowBot/build/CMakeFiles/CMakeTmp'
make: *** [Makefile:121: cmTC_09c63/fast] Error 2


Source file was:
#include <pthread.h>

void* test_func(void* data)
{
  return data;
}

int main(void)
{
  pthread_t thread;
  pthread_create(&thread, NULL, test_func, NULL);
  pthread_detach(thread);
  pthread_join(thread, NULL);
  pthread_atfork(NULL, NULL, NULL);
  pthread_exit(NULL);

  return 0;
}

